<?xml version="1.0" encoding="UTF-8"?>
<!-- Generated by org.testng.reporters.JUnitReportReporter -->
<testsuite hostname="Sanjayas-MacBook-Pro.local" failures="0" tests="1" name="appium_java.ChangedPassword" time="55.008" errors="0" timestamp="2022-11-18T13:12:25 IST" skipped="0">
  <testcase classname="appium_java.ChangedPassword" name="basicApp" time="55.008"/>
  <system-out/>
</testsuite> <!-- appium_java.ChangedPassword -->
