<?xml version="1.0" encoding="UTF-8"?>
<!-- Generated by org.testng.reporters.JUnitReportReporter -->
<testsuite hostname="Sanjayas-MacBook-Pro.local" failures="0" tests="1" name="appium_java.Test1" time="13.514" errors="0" timestamp="2022-11-20T19:35:24 IST" skipped="0">
  <testcase classname="appium_java.Test1" name="testLogin" time="13.514"/>
  <system-out/>
</testsuite> <!-- appium_java.Test1 -->
